[2024-10-26 06:33:23] local.ERROR: Command "server" is not defined.

Did you mean one of these?
    make:observer
    serve {"exception":"[object] (Symfony\\Component\\Console\\Exception\\CommandNotFoundException(code: 0): Command \"server\" is not defined.

Did you mean one of these?
    make:observer
    serve at D:\\Sistem Komputer 2021\\Semester 7\\Aplikasi Pemograman Web\\app-pem-web\\crud-laravel9\\vendor\\symfony\\console\\Application.php:737)
[stacktrace]
#0 D:\\Sistem Komputer 2021\\Semester 7\\Aplikasi Pemograman Web\\app-pem-web\\crud-laravel9\\vendor\\symfony\\console\\Application.php(266): Symfony\\Component\\Console\\Application->find()
#1 D:\\Sistem Komputer 2021\\Semester 7\\Aplikasi Pemograman Web\\app-pem-web\\crud-laravel9\\vendor\\symfony\\console\\Application.php(175): Symfony\\Component\\Console\\Application->doRun()
#2 D:\\Sistem Komputer 2021\\Semester 7\\Aplikasi Pemograman Web\\app-pem-web\\crud-laravel9\\vendor\\laravel\\framework\\src\\Illuminate\\Console\\Application.php(102): Symfony\\Component\\Console\\Application->run()
#3 D:\\Sistem Komputer 2021\\Semester 7\\Aplikasi Pemograman Web\\app-pem-web\\crud-laravel9\\vendor\\laravel\\framework\\src\\Illuminate\\Foundation\\Console\\Kernel.php(155): Illuminate\\Console\\Application->run()
#4 D:\\Sistem Komputer 2021\\Semester 7\\Aplikasi Pemograman Web\\app-pem-web\\crud-laravel9\\artisan(37): Illuminate\\Foundation\\Console\\Kernel->handle()
#5 {main}
"} 
[2024-10-26 06:33:42] local.ERROR: No application encryption key has been specified. {"exception":"[object] (Illuminate\\Encryption\\MissingAppKeyException(code: 0): No application encryption key has been specified. at D:\\Sistem Komputer 2021\\Semester 7\\Aplikasi Pemograman Web\\app-pem-web\\crud-laravel9\\vendor\\laravel\\framework\\src\\Illuminate\\Encryption\\EncryptionServiceProvider.php:79)
[stacktrace]
#0 D:\\Sistem Komputer 2021\\Semester 7\\Aplikasi Pemograman Web\\app-pem-web\\crud-laravel9\\vendor\\laravel\\framework\\src\\Illuminate\\Support\\helpers.php(306): Illuminate\\Encryption\\EncryptionServiceProvider->Illuminate\\Encryption\\{closure}()
#1 D:\\Sistem Komputer 2021\\Semester 7\\Aplikasi Pemograman Web\\app-pem-web\\crud-laravel9\\vendor\\laravel\\framework\\src\\Illuminate\\Encryption\\EncryptionServiceProvider.php(81): tap()
#2 D:\\Sistem Komputer 2021\\Semester 7\\Aplikasi Pemograman Web\\app-pem-web\\crud-laravel9\\vendor\\laravel\\framework\\src\\Illuminate\\Encryption\\EncryptionServiceProvider.php(60): Illuminate\\Encryption\\EncryptionServiceProvider->key()
#3 D:\\Sistem Komputer 2021\\Semester 7\\Aplikasi Pemograman Web\\app-pem-web\\crud-laravel9\\vendor\\laravel\\framework\\src\\Illuminate\\Encryption\\EncryptionServiceProvider.php(32): Illuminate\\Encryption\\EncryptionServiceProvider->parseKey()
#4 D:\\Sistem Komputer 2021\\Semester 7\\Aplikasi Pemograman Web\\app-pem-web\\crud-laravel9\\vendor\\laravel\\framework\\src\\Illuminate\\Container\\Container.php(885): Illuminate\\Encryption\\EncryptionServiceProvider->Illuminate\\Encryption\\{closure}()
#5 D:\\Sistem Komputer 2021\\Semester 7\\Aplikasi Pemograman Web\\app-pem-web\\crud-laravel9\\vendor\\laravel\\framework\\src\\Illuminate\\Container\\Container.php(770): Illuminate\\Container\\Container->build()
#6 D:\\Sistem Komputer 2021\\Semester 7\\Aplikasi Pemograman Web\\app-pem-web\\crud-laravel9\\vendor\\laravel\\framework\\src\\Illuminate\\Foundation\\Application.php(856): Illuminate\\Container\\Container->resolve()
#7 D:\\Sistem Komputer 2021\\Semester 7\\Aplikasi Pemograman Web\\app-pem-web\\crud-laravel9\\vendor\\laravel\\framework\\src\\Illuminate\\Container\\Container.php(706): Illuminate\\Foundation\\Application->resolve()
#8 D:\\Sistem Komputer 2021\\Semester 7\\Aplikasi Pemograman Web\\app-pem-web\\crud-laravel9\\vendor\\laravel\\framework\\src\\Illuminate\\Foundation\\Application.php(841): Illuminate\\Container\\Container->make()
#9 D:\\Sistem Komputer 2021\\Semester 7\\Aplikasi Pemograman Web\\app-pem-web\\crud-laravel9\\vendor\\laravel\\framework\\src\\Illuminate\\Container\\Container.php(1043): Illuminate\\Foundation\\Application->make()
#10 D:\\Sistem Komputer 2021\\Semester 7\\Aplikasi Pemograman Web\\app-pem-web\\crud-laravel9\\vendor\\laravel\\framework\\src\\Illuminate\\Container\\Container.php(959): Illuminate\\Container\\Container->resolveClass()
#11 D:\\Sistem Komputer 2021\\Semester 7\\Aplikasi Pemograman Web\\app-pem-web\\crud-laravel9\\vendor\\laravel\\framework\\src\\Illuminate\\Container\\Container.php(920): Illuminate\\Container\\Container->resolveDependencies()
#12 D:\\Sistem Komputer 2021\\Semester 7\\Aplikasi Pemograman Web\\app-pem-web\\crud-laravel9\\vendor\\laravel\\framework\\src\\Illuminate\\Container\\Container.php(770): Illuminate\\Container\\Container->build()
#13 D:\\Sistem Komputer 2021\\Semester 7\\Aplikasi Pemograman Web\\app-pem-web\\crud-laravel9\\vendor\\laravel\\framework\\src\\Illuminate\\Foundation\\Application.php(856): Illuminate\\Container\\Container->resolve()
#14 D:\\Sistem Komputer 2021\\Semester 7\\Aplikasi Pemograman Web\\app-pem-web\\crud-laravel9\\vendor\\laravel\\framework\\src\\Illuminate\\Container\\Container.php(706): Illuminate\\Foundation\\Application->resolve()
#15 D:\\Sistem Komputer 2021\\Semester 7\\Aplikasi Pemograman Web\\app-pem-web\\crud-laravel9\\vendor\\laravel\\framework\\src\\Illuminate\\Foundation\\Application.php(841): Illuminate\\Container\\Container->make()
#16 D:\\Sistem Komputer 2021\\Semester 7\\Aplikasi Pemograman Web\\app-pem-web\\crud-laravel9\\vendor\\laravel\\framework\\src\\Illuminate\\Pipeline\\Pipeline.php(169): Illuminate\\Foundation\\Application->make()
#17 D:\\Sistem Komputer 2021\\Semester 7\\Aplikasi Pemograman Web\\app-pem-web\\crud-laravel9\\vendor\\laravel\\framework\\src\\Illuminate\\Pipeline\\Pipeline.php(116): Illuminate\\Pipeline\\Pipeline->Illuminate\\Pipeline\\{closure}()
#18 D:\\Sistem Komputer 2021\\Semester 7\\Aplikasi Pemograman Web\\app-pem-web\\crud-laravel9\\vendor\\laravel\\framework\\src\\Illuminate\\Routing\\Router.php(799): Illuminate\\Pipeline\\Pipeline->then()
#19 D:\\Sistem Komputer 2021\\Semester 7\\Aplikasi Pemograman Web\\app-pem-web\\crud-laravel9\\vendor\\laravel\\framework\\src\\Illuminate\\Routing\\Router.php(776): Illuminate\\Routing\\Router->runRouteWithinStack()
#20 D:\\Sistem Komputer 2021\\Semester 7\\Aplikasi Pemograman Web\\app-pem-web\\crud-laravel9\\vendor\\laravel\\framework\\src\\Illuminate\\Routing\\Router.php(740): Illuminate\\Routing\\Router->runRoute()
#21 D:\\Sistem Komputer 2021\\Semester 7\\Aplikasi Pemograman Web\\app-pem-web\\crud-laravel9\\vendor\\laravel\\framework\\src\\Illuminate\\Routing\\Router.php(729): Illuminate\\Routing\\Router->dispatchToRoute()
#22 D:\\Sistem Komputer 2021\\Semester 7\\Aplikasi Pemograman Web\\app-pem-web\\crud-laravel9\\vendor\\laravel\\framework\\src\\Illuminate\\Foundation\\Http\\Kernel.php(190): Illuminate\\Routing\\Router->dispatch()
#23 D:\\Sistem Komputer 2021\\Semester 7\\Aplikasi Pemograman Web\\app-pem-web\\crud-laravel9\\vendor\\laravel\\framework\\src\\Illuminate\\Pipeline\\Pipeline.php(141): Illuminate\\Foundation\\Http\\Kernel->Illuminate\\Foundation\\Http\\{closure}()
#24 D:\\Sistem Komputer 2021\\Semester 7\\Aplikasi Pemograman Web\\app-pem-web\\crud-laravel9\\vendor\\laravel\\framework\\src\\Illuminate\\Foundation\\Http\\Middleware\\TransformsRequest.php(21): Illuminate\\Pipeline\\Pipeline->Illuminate\\Pipeline\\{closure}()
#25 D:\\Sistem Komputer 2021\\Semester 7\\Aplikasi Pemograman Web\\app-pem-web\\crud-laravel9\\vendor\\laravel\\framework\\src\\Illuminate\\Foundation\\Http\\Middleware\\ConvertEmptyStringsToNull.php(31): Illuminate\\Foundation\\Http\\Middleware\\TransformsRequest->handle()
#26 D:\\Sistem Komputer 2021\\Semester 7\\Aplikasi Pemograman Web\\app-pem-web\\crud-laravel9\\vendor\\laravel\\framework\\src\\Illuminate\\Pipeline\\Pipeline.php(180): Illuminate\\Foundation\\Http\\Middleware\\ConvertEmptyStringsToNull->handle()
#27 D:\\Sistem Komputer 2021\\Semester 7\\Aplikasi Pemograman Web\\app-pem-web\\crud-laravel9\\vendor\\laravel\\framework\\src\\Illuminate\\Foundation\\Http\\Middleware\\TransformsRequest.php(21): Illuminate\\Pipeline\\Pipeline->Illuminate\\Pipeline\\{closure}()
#28 D:\\Sistem Komputer 2021\\Semester 7\\Aplikasi Pemograman Web\\app-pem-web\\crud-laravel9\\vendor\\laravel\\framework\\src\\Illuminate\\Foundation\\Http\\Middleware\\TrimStrings.php(40): Illuminate\\Foundation\\Http\\Middleware\\TransformsRequest->handle()
#29 D:\\Sistem Komputer 2021\\Semester 7\\Aplikasi Pemograman Web\\app-pem-web\\crud-laravel9\\vendor\\laravel\\framework\\src\\Illuminate\\Pipeline\\Pipeline.php(180): Illuminate\\Foundation\\Http\\Middleware\\TrimStrings->handle()
#30 D:\\Sistem Komputer 2021\\Semester 7\\Aplikasi Pemograman Web\\app-pem-web\\crud-laravel9\\vendor\\laravel\\framework\\src\\Illuminate\\Foundation\\Http\\Middleware\\ValidatePostSize.php(27): Illuminate\\Pipeline\\Pipeline->Illuminate\\Pipeline\\{closure}()
#31 D:\\Sistem Komputer 2021\\Semester 7\\Aplikasi Pemograman Web\\app-pem-web\\crud-laravel9\\vendor\\laravel\\framework\\src\\Illuminate\\Pipeline\\Pipeline.php(180): Illuminate\\Foundation\\Http\\Middleware\\ValidatePostSize->handle()
#32 D:\\Sistem Komputer 2021\\Semester 7\\Aplikasi Pemograman Web\\app-pem-web\\crud-laravel9\\vendor\\laravel\\framework\\src\\Illuminate\\Foundation\\Http\\Middleware\\PreventRequestsDuringMaintenance.php(86): Illuminate\\Pipeline\\Pipeline->Illuminate\\Pipeline\\{closure}()
#33 D:\\Sistem Komputer 2021\\Semester 7\\Aplikasi Pemograman Web\\app-pem-web\\crud-laravel9\\vendor\\laravel\\framework\\src\\Illuminate\\Pipeline\\Pipeline.php(180): Illuminate\\Foundation\\Http\\Middleware\\PreventRequestsDuringMaintenance->handle()
#34 D:\\Sistem Komputer 2021\\Semester 7\\Aplikasi Pemograman Web\\app-pem-web\\crud-laravel9\\vendor\\laravel\\framework\\src\\Illuminate\\Http\\Middleware\\HandleCors.php(49): Illuminate\\Pipeline\\Pipeline->Illuminate\\Pipeline\\{closure}()
#35 D:\\Sistem Komputer 2021\\Semester 7\\Aplikasi Pemograman Web\\app-pem-web\\crud-laravel9\\vendor\\laravel\\framework\\src\\Illuminate\\Pipeline\\Pipeline.php(180): Illuminate\\Http\\Middleware\\HandleCors->handle()
#36 D:\\Sistem Komputer 2021\\Semester 7\\Aplikasi Pemograman Web\\app-pem-web\\crud-laravel9\\vendor\\laravel\\framework\\src\\Illuminate\\Http\\Middleware\\TrustProxies.php(39): Illuminate\\Pipeline\\Pipeline->Illuminate\\Pipeline\\{closure}()
#37 D:\\Sistem Komputer 2021\\Semester 7\\Aplikasi Pemograman Web\\app-pem-web\\crud-laravel9\\vendor\\laravel\\framework\\src\\Illuminate\\Pipeline\\Pipeline.php(180): Illuminate\\Http\\Middleware\\TrustProxies->handle()
#38 D:\\Sistem Komputer 2021\\Semester 7\\Aplikasi Pemograman Web\\app-pem-web\\crud-laravel9\\vendor\\laravel\\framework\\src\\Illuminate\\Pipeline\\Pipeline.php(116): Illuminate\\Pipeline\\Pipeline->Illuminate\\Pipeline\\{closure}()
#39 D:\\Sistem Komputer 2021\\Semester 7\\Aplikasi Pemograman Web\\app-pem-web\\crud-laravel9\\vendor\\laravel\\framework\\src\\Illuminate\\Foundation\\Http\\Kernel.php(165): Illuminate\\Pipeline\\Pipeline->then()
#40 D:\\Sistem Komputer 2021\\Semester 7\\Aplikasi Pemograman Web\\app-pem-web\\crud-laravel9\\vendor\\laravel\\framework\\src\\Illuminate\\Foundation\\Http\\Kernel.php(134): Illuminate\\Foundation\\Http\\Kernel->sendRequestThroughRouter()
#41 D:\\Sistem Komputer 2021\\Semester 7\\Aplikasi Pemograman Web\\app-pem-web\\crud-laravel9\\public\\index.php(52): Illuminate\\Foundation\\Http\\Kernel->handle()
#42 D:\\Sistem Komputer 2021\\Semester 7\\Aplikasi Pemograman Web\\app-pem-web\\crud-laravel9\\vendor\\laravel\\framework\\src\\Illuminate\\Foundation\\resources\\server.php(16): require_once('...')
#43 {main}
"} 
[2024-10-26 06:33:43] local.ERROR: No application encryption key has been specified. {"exception":"[object] (Illuminate\\Encryption\\MissingAppKeyException(code: 0): No application encryption key has been specified. at D:\\Sistem Komputer 2021\\Semester 7\\Aplikasi Pemograman Web\\app-pem-web\\crud-laravel9\\vendor\\laravel\\framework\\src\\Illuminate\\Encryption\\EncryptionServiceProvider.php:79)
[stacktrace]
#0 D:\\Sistem Komputer 2021\\Semester 7\\Aplikasi Pemograman Web\\app-pem-web\\crud-laravel9\\vendor\\laravel\\framework\\src\\Illuminate\\Support\\helpers.php(306): Illuminate\\Encryption\\EncryptionServiceProvider->Illuminate\\Encryption\\{closure}()
#1 D:\\Sistem Komputer 2021\\Semester 7\\Aplikasi Pemograman Web\\app-pem-web\\crud-laravel9\\vendor\\laravel\\framework\\src\\Illuminate\\Encryption\\EncryptionServiceProvider.php(81): tap()
#2 D:\\Sistem Komputer 2021\\Semester 7\\Aplikasi Pemograman Web\\app-pem-web\\crud-laravel9\\vendor\\laravel\\framework\\src\\Illuminate\\Encryption\\EncryptionServiceProvider.php(60): Illuminate\\Encryption\\EncryptionServiceProvider->key()
#3 D:\\Sistem Komputer 2021\\Semester 7\\Aplikasi Pemograman Web\\app-pem-web\\crud-laravel9\\vendor\\laravel\\framework\\src\\Illuminate\\Encryption\\EncryptionServiceProvider.php(32): Illuminate\\Encryption\\EncryptionServiceProvider->parseKey()
#4 D:\\Sistem Komputer 2021\\Semester 7\\Aplikasi Pemograman Web\\app-pem-web\\crud-laravel9\\vendor\\laravel\\framework\\src\\Illuminate\\Container\\Container.php(885): Illuminate\\Encryption\\EncryptionServiceProvider->Illuminate\\Encryption\\{closure}()
#5 D:\\Sistem Komputer 2021\\Semester 7\\Aplikasi Pemograman Web\\app-pem-web\\crud-laravel9\\vendor\\laravel\\framework\\src\\Illuminate\\Container\\Container.php(770): Illuminate\\Container\\Container->build()
#6 D:\\Sistem Komputer 2021\\Semester 7\\Aplikasi Pemograman Web\\app-pem-web\\crud-laravel9\\vendor\\laravel\\framework\\src\\Illuminate\\Foundation\\Application.php(856): Illuminate\\Container\\Container->resolve()
#7 D:\\Sistem Komputer 2021\\Semester 7\\Aplikasi Pemograman Web\\app-pem-web\\crud-laravel9\\vendor\\laravel\\framework\\src\\Illuminate\\Container\\Container.php(706): Illuminate\\Foundation\\Application->resolve()
#8 D:\\Sistem Komputer 2021\\Semester 7\\Aplikasi Pemograman Web\\app-pem-web\\crud-laravel9\\vendor\\laravel\\framework\\src\\Illuminate\\Foundation\\Application.php(841): Illuminate\\Container\\Container->make()
#9 D:\\Sistem Komputer 2021\\Semester 7\\Aplikasi Pemograman Web\\app-pem-web\\crud-laravel9\\vendor\\laravel\\framework\\src\\Illuminate\\Container\\Container.php(1043): Illuminate\\Foundation\\Application->make()
#10 D:\\Sistem Komputer 2021\\Semester 7\\Aplikasi Pemograman Web\\app-pem-web\\crud-laravel9\\vendor\\laravel\\framework\\src\\Illuminate\\Container\\Container.php(959): Illuminate\\Container\\Container->resolveClass()
#11 D:\\Sistem Komputer 2021\\Semester 7\\Aplikasi Pemograman Web\\app-pem-web\\crud-laravel9\\vendor\\laravel\\framework\\src\\Illuminate\\Container\\Container.php(920): Illuminate\\Container\\Container->resolveDependencies()
#12 D:\\Sistem Komputer 2021\\Semester 7\\Aplikasi Pemograman Web\\app-pem-web\\crud-laravel9\\vendor\\laravel\\framework\\src\\Illuminate\\Container\\Container.php(770): Illuminate\\Container\\Container->build()
#13 D:\\Sistem Komputer 2021\\Semester 7\\Aplikasi Pemograman Web\\app-pem-web\\crud-laravel9\\vendor\\laravel\\framework\\src\\Illuminate\\Foundation\\Application.php(856): Illuminate\\Container\\Container->resolve()
#14 D:\\Sistem Komputer 2021\\Semester 7\\Aplikasi Pemograman Web\\app-pem-web\\crud-laravel9\\vendor\\laravel\\framework\\src\\Illuminate\\Container\\Container.php(706): Illuminate\\Foundation\\Application->resolve()
#15 D:\\Sistem Komputer 2021\\Semester 7\\Aplikasi Pemograman Web\\app-pem-web\\crud-laravel9\\vendor\\laravel\\framework\\src\\Illuminate\\Foundation\\Application.php(841): Illuminate\\Container\\Container->make()
#16 D:\\Sistem Komputer 2021\\Semester 7\\Aplikasi Pemograman Web\\app-pem-web\\crud-laravel9\\vendor\\laravel\\framework\\src\\Illuminate\\Foundation\\Http\\Kernel.php(239): Illuminate\\Foundation\\Application->make()
#17 D:\\Sistem Komputer 2021\\Semester 7\\Aplikasi Pemograman Web\\app-pem-web\\crud-laravel9\\vendor\\laravel\\framework\\src\\Illuminate\\Foundation\\Http\\Kernel.php(203): Illuminate\\Foundation\\Http\\Kernel->terminateMiddleware()
#18 D:\\Sistem Komputer 2021\\Semester 7\\Aplikasi Pemograman Web\\app-pem-web\\crud-laravel9\\public\\index.php(55): Illuminate\\Foundation\\Http\\Kernel->terminate()
#19 D:\\Sistem Komputer 2021\\Semester 7\\Aplikasi Pemograman Web\\app-pem-web\\crud-laravel9\\vendor\\laravel\\framework\\src\\Illuminate\\Foundation\\resources\\server.php(16): require_once('...')
#20 {main}
"} 
[2024-10-26 06:34:07] local.ERROR: No application encryption key has been specified. {"exception":"[object] (Illuminate\\Encryption\\MissingAppKeyException(code: 0): No application encryption key has been specified. at D:\\Sistem Komputer 2021\\Semester 7\\Aplikasi Pemograman Web\\app-pem-web\\crud-laravel9\\vendor\\laravel\\framework\\src\\Illuminate\\Encryption\\EncryptionServiceProvider.php:79)
[stacktrace]
#0 D:\\Sistem Komputer 2021\\Semester 7\\Aplikasi Pemograman Web\\app-pem-web\\crud-laravel9\\vendor\\laravel\\framework\\src\\Illuminate\\Support\\helpers.php(306): Illuminate\\Encryption\\EncryptionServiceProvider->Illuminate\\Encryption\\{closure}()
#1 D:\\Sistem Komputer 2021\\Semester 7\\Aplikasi Pemograman Web\\app-pem-web\\crud-laravel9\\vendor\\laravel\\framework\\src\\Illuminate\\Encryption\\EncryptionServiceProvider.php(81): tap()
#2 D:\\Sistem Komputer 2021\\Semester 7\\Aplikasi Pemograman Web\\app-pem-web\\crud-laravel9\\vendor\\laravel\\framework\\src\\Illuminate\\Encryption\\EncryptionServiceProvider.php(60): Illuminate\\Encryption\\EncryptionServiceProvider->key()
#3 D:\\Sistem Komputer 2021\\Semester 7\\Aplikasi Pemograman Web\\app-pem-web\\crud-laravel9\\vendor\\laravel\\framework\\src\\Illuminate\\Encryption\\EncryptionServiceProvider.php(32): Illuminate\\Encryption\\EncryptionServiceProvider->parseKey()
#4 D:\\Sistem Komputer 2021\\Semester 7\\Aplikasi Pemograman Web\\app-pem-web\\crud-laravel9\\vendor\\laravel\\framework\\src\\Illuminate\\Container\\Container.php(885): Illuminate\\Encryption\\EncryptionServiceProvider->Illuminate\\Encryption\\{closure}()
#5 D:\\Sistem Komputer 2021\\Semester 7\\Aplikasi Pemograman Web\\app-pem-web\\crud-laravel9\\vendor\\laravel\\framework\\src\\Illuminate\\Container\\Container.php(770): Illuminate\\Container\\Container->build()
#6 D:\\Sistem Komputer 2021\\Semester 7\\Aplikasi Pemograman Web\\app-pem-web\\crud-laravel9\\vendor\\laravel\\framework\\src\\Illuminate\\Foundation\\Application.php(856): Illuminate\\Container\\Container->resolve()
#7 D:\\Sistem Komputer 2021\\Semester 7\\Aplikasi Pemograman Web\\app-pem-web\\crud-laravel9\\vendor\\laravel\\framework\\src\\Illuminate\\Container\\Container.php(706): Illuminate\\Foundation\\Application->resolve()
#8 D:\\Sistem Komputer 2021\\Semester 7\\Aplikasi Pemograman Web\\app-pem-web\\crud-laravel9\\vendor\\laravel\\framework\\src\\Illuminate\\Foundation\\Application.php(841): Illuminate\\Container\\Container->make()
#9 D:\\Sistem Komputer 2021\\Semester 7\\Aplikasi Pemograman Web\\app-pem-web\\crud-laravel9\\vendor\\laravel\\framework\\src\\Illuminate\\Container\\Container.php(1043): Illuminate\\Foundation\\Application->make()
#10 D:\\Sistem Komputer 2021\\Semester 7\\Aplikasi Pemograman Web\\app-pem-web\\crud-laravel9\\vendor\\laravel\\framework\\src\\Illuminate\\Container\\Container.php(959): Illuminate\\Container\\Container->resolveClass()
#11 D:\\Sistem Komputer 2021\\Semester 7\\Aplikasi Pemograman Web\\app-pem-web\\crud-laravel9\\vendor\\laravel\\framework\\src\\Illuminate\\Container\\Container.php(920): Illuminate\\Container\\Container->resolveDependencies()
#12 D:\\Sistem Komputer 2021\\Semester 7\\Aplikasi Pemograman Web\\app-pem-web\\crud-laravel9\\vendor\\laravel\\framework\\src\\Illuminate\\Container\\Container.php(770): Illuminate\\Container\\Container->build()
#13 D:\\Sistem Komputer 2021\\Semester 7\\Aplikasi Pemograman Web\\app-pem-web\\crud-laravel9\\vendor\\laravel\\framework\\src\\Illuminate\\Foundation\\Application.php(856): Illuminate\\Container\\Container->resolve()
#14 D:\\Sistem Komputer 2021\\Semester 7\\Aplikasi Pemograman Web\\app-pem-web\\crud-laravel9\\vendor\\laravel\\framework\\src\\Illuminate\\Container\\Container.php(706): Illuminate\\Foundation\\Application->resolve()
#15 D:\\Sistem Komputer 2021\\Semester 7\\Aplikasi Pemograman Web\\app-pem-web\\crud-laravel9\\vendor\\laravel\\framework\\src\\Illuminate\\Foundation\\Application.php(841): Illuminate\\Container\\Container->make()
#16 D:\\Sistem Komputer 2021\\Semester 7\\Aplikasi Pemograman Web\\app-pem-web\\crud-laravel9\\vendor\\laravel\\framework\\src\\Illuminate\\Pipeline\\Pipeline.php(169): Illuminate\\Foundation\\Application->make()
#17 D:\\Sistem Komputer 2021\\Semester 7\\Aplikasi Pemograman Web\\app-pem-web\\crud-laravel9\\vendor\\laravel\\framework\\src\\Illuminate\\Pipeline\\Pipeline.php(116): Illuminate\\Pipeline\\Pipeline->Illuminate\\Pipeline\\{closure}()
#18 D:\\Sistem Komputer 2021\\Semester 7\\Aplikasi Pemograman Web\\app-pem-web\\crud-laravel9\\vendor\\laravel\\framework\\src\\Illuminate\\Routing\\Router.php(799): Illuminate\\Pipeline\\Pipeline->then()
#19 D:\\Sistem Komputer 2021\\Semester 7\\Aplikasi Pemograman Web\\app-pem-web\\crud-laravel9\\vendor\\laravel\\framework\\src\\Illuminate\\Routing\\Router.php(776): Illuminate\\Routing\\Router->runRouteWithinStack()
#20 D:\\Sistem Komputer 2021\\Semester 7\\Aplikasi Pemograman Web\\app-pem-web\\crud-laravel9\\vendor\\laravel\\framework\\src\\Illuminate\\Routing\\Router.php(740): Illuminate\\Routing\\Router->runRoute()
#21 D:\\Sistem Komputer 2021\\Semester 7\\Aplikasi Pemograman Web\\app-pem-web\\crud-laravel9\\vendor\\laravel\\framework\\src\\Illuminate\\Routing\\Router.php(729): Illuminate\\Routing\\Router->dispatchToRoute()
#22 D:\\Sistem Komputer 2021\\Semester 7\\Aplikasi Pemograman Web\\app-pem-web\\crud-laravel9\\vendor\\laravel\\framework\\src\\Illuminate\\Foundation\\Http\\Kernel.php(190): Illuminate\\Routing\\Router->dispatch()
#23 D:\\Sistem Komputer 2021\\Semester 7\\Aplikasi Pemograman Web\\app-pem-web\\crud-laravel9\\vendor\\laravel\\framework\\src\\Illuminate\\Pipeline\\Pipeline.php(141): Illuminate\\Foundation\\Http\\Kernel->Illuminate\\Foundation\\Http\\{closure}()
#24 D:\\Sistem Komputer 2021\\Semester 7\\Aplikasi Pemograman Web\\app-pem-web\\crud-laravel9\\vendor\\laravel\\framework\\src\\Illuminate\\Foundation\\Http\\Middleware\\TransformsRequest.php(21): Illuminate\\Pipeline\\Pipeline->Illuminate\\Pipeline\\{closure}()
#25 D:\\Sistem Komputer 2021\\Semester 7\\Aplikasi Pemograman Web\\app-pem-web\\crud-laravel9\\vendor\\laravel\\framework\\src\\Illuminate\\Foundation\\Http\\Middleware\\ConvertEmptyStringsToNull.php(31): Illuminate\\Foundation\\Http\\Middleware\\TransformsRequest->handle()
#26 D:\\Sistem Komputer 2021\\Semester 7\\Aplikasi Pemograman Web\\app-pem-web\\crud-laravel9\\vendor\\laravel\\framework\\src\\Illuminate\\Pipeline\\Pipeline.php(180): Illuminate\\Foundation\\Http\\Middleware\\ConvertEmptyStringsToNull->handle()
#27 D:\\Sistem Komputer 2021\\Semester 7\\Aplikasi Pemograman Web\\app-pem-web\\crud-laravel9\\vendor\\laravel\\framework\\src\\Illuminate\\Foundation\\Http\\Middleware\\TransformsRequest.php(21): Illuminate\\Pipeline\\Pipeline->Illuminate\\Pipeline\\{closure}()
#28 D:\\Sistem Komputer 2021\\Semester 7\\Aplikasi Pemograman Web\\app-pem-web\\crud-laravel9\\vendor\\laravel\\framework\\src\\Illuminate\\Foundation\\Http\\Middleware\\TrimStrings.php(40): Illuminate\\Foundation\\Http\\Middleware\\TransformsRequest->handle()
#29 D:\\Sistem Komputer 2021\\Semester 7\\Aplikasi Pemograman Web\\app-pem-web\\crud-laravel9\\vendor\\laravel\\framework\\src\\Illuminate\\Pipeline\\Pipeline.php(180): Illuminate\\Foundation\\Http\\Middleware\\TrimStrings->handle()
#30 D:\\Sistem Komputer 2021\\Semester 7\\Aplikasi Pemograman Web\\app-pem-web\\crud-laravel9\\vendor\\laravel\\framework\\src\\Illuminate\\Foundation\\Http\\Middleware\\ValidatePostSize.php(27): Illuminate\\Pipeline\\Pipeline->Illuminate\\Pipeline\\{closure}()
#31 D:\\Sistem Komputer 2021\\Semester 7\\Aplikasi Pemograman Web\\app-pem-web\\crud-laravel9\\vendor\\laravel\\framework\\src\\Illuminate\\Pipeline\\Pipeline.php(180): Illuminate\\Foundation\\Http\\Middleware\\ValidatePostSize->handle()
#32 D:\\Sistem Komputer 2021\\Semester 7\\Aplikasi Pemograman Web\\app-pem-web\\crud-laravel9\\vendor\\laravel\\framework\\src\\Illuminate\\Foundation\\Http\\Middleware\\PreventRequestsDuringMaintenance.php(86): Illuminate\\Pipeline\\Pipeline->Illuminate\\Pipeline\\{closure}()
#33 D:\\Sistem Komputer 2021\\Semester 7\\Aplikasi Pemograman Web\\app-pem-web\\crud-laravel9\\vendor\\laravel\\framework\\src\\Illuminate\\Pipeline\\Pipeline.php(180): Illuminate\\Foundation\\Http\\Middleware\\PreventRequestsDuringMaintenance->handle()
#34 D:\\Sistem Komputer 2021\\Semester 7\\Aplikasi Pemograman Web\\app-pem-web\\crud-laravel9\\vendor\\laravel\\framework\\src\\Illuminate\\Http\\Middleware\\HandleCors.php(49): Illuminate\\Pipeline\\Pipeline->Illuminate\\Pipeline\\{closure}()
#35 D:\\Sistem Komputer 2021\\Semester 7\\Aplikasi Pemograman Web\\app-pem-web\\crud-laravel9\\vendor\\laravel\\framework\\src\\Illuminate\\Pipeline\\Pipeline.php(180): Illuminate\\Http\\Middleware\\HandleCors->handle()
#36 D:\\Sistem Komputer 2021\\Semester 7\\Aplikasi Pemograman Web\\app-pem-web\\crud-laravel9\\vendor\\laravel\\framework\\src\\Illuminate\\Http\\Middleware\\TrustProxies.php(39): Illuminate\\Pipeline\\Pipeline->Illuminate\\Pipeline\\{closure}()
#37 D:\\Sistem Komputer 2021\\Semester 7\\Aplikasi Pemograman Web\\app-pem-web\\crud-laravel9\\vendor\\laravel\\framework\\src\\Illuminate\\Pipeline\\Pipeline.php(180): Illuminate\\Http\\Middleware\\TrustProxies->handle()
#38 D:\\Sistem Komputer 2021\\Semester 7\\Aplikasi Pemograman Web\\app-pem-web\\crud-laravel9\\vendor\\laravel\\framework\\src\\Illuminate\\Pipeline\\Pipeline.php(116): Illuminate\\Pipeline\\Pipeline->Illuminate\\Pipeline\\{closure}()
#39 D:\\Sistem Komputer 2021\\Semester 7\\Aplikasi Pemograman Web\\app-pem-web\\crud-laravel9\\vendor\\laravel\\framework\\src\\Illuminate\\Foundation\\Http\\Kernel.php(165): Illuminate\\Pipeline\\Pipeline->then()
#40 D:\\Sistem Komputer 2021\\Semester 7\\Aplikasi Pemograman Web\\app-pem-web\\crud-laravel9\\vendor\\laravel\\framework\\src\\Illuminate\\Foundation\\Http\\Kernel.php(134): Illuminate\\Foundation\\Http\\Kernel->sendRequestThroughRouter()
#41 D:\\Sistem Komputer 2021\\Semester 7\\Aplikasi Pemograman Web\\app-pem-web\\crud-laravel9\\public\\index.php(52): Illuminate\\Foundation\\Http\\Kernel->handle()
#42 D:\\Sistem Komputer 2021\\Semester 7\\Aplikasi Pemograman Web\\app-pem-web\\crud-laravel9\\vendor\\laravel\\framework\\src\\Illuminate\\Foundation\\resources\\server.php(16): require_once('...')
#43 {main}
"} 
[2024-10-26 06:34:08] local.ERROR: No application encryption key has been specified. {"exception":"[object] (Illuminate\\Encryption\\MissingAppKeyException(code: 0): No application encryption key has been specified. at D:\\Sistem Komputer 2021\\Semester 7\\Aplikasi Pemograman Web\\app-pem-web\\crud-laravel9\\vendor\\laravel\\framework\\src\\Illuminate\\Encryption\\EncryptionServiceProvider.php:79)
[stacktrace]
#0 D:\\Sistem Komputer 2021\\Semester 7\\Aplikasi Pemograman Web\\app-pem-web\\crud-laravel9\\vendor\\laravel\\framework\\src\\Illuminate\\Support\\helpers.php(306): Illuminate\\Encryption\\EncryptionServiceProvider->Illuminate\\Encryption\\{closure}()
#1 D:\\Sistem Komputer 2021\\Semester 7\\Aplikasi Pemograman Web\\app-pem-web\\crud-laravel9\\vendor\\laravel\\framework\\src\\Illuminate\\Encryption\\EncryptionServiceProvider.php(81): tap()
#2 D:\\Sistem Komputer 2021\\Semester 7\\Aplikasi Pemograman Web\\app-pem-web\\crud-laravel9\\vendor\\laravel\\framework\\src\\Illuminate\\Encryption\\EncryptionServiceProvider.php(60): Illuminate\\Encryption\\EncryptionServiceProvider->key()
#3 D:\\Sistem Komputer 2021\\Semester 7\\Aplikasi Pemograman Web\\app-pem-web\\crud-laravel9\\vendor\\laravel\\framework\\src\\Illuminate\\Encryption\\EncryptionServiceProvider.php(32): Illuminate\\Encryption\\EncryptionServiceProvider->parseKey()
#4 D:\\Sistem Komputer 2021\\Semester 7\\Aplikasi Pemograman Web\\app-pem-web\\crud-laravel9\\vendor\\laravel\\framework\\src\\Illuminate\\Container\\Container.php(885): Illuminate\\Encryption\\EncryptionServiceProvider->Illuminate\\Encryption\\{closure}()
#5 D:\\Sistem Komputer 2021\\Semester 7\\Aplikasi Pemograman Web\\app-pem-web\\crud-laravel9\\vendor\\laravel\\framework\\src\\Illuminate\\Container\\Container.php(770): Illuminate\\Container\\Container->build()
#6 D:\\Sistem Komputer 2021\\Semester 7\\Aplikasi Pemograman Web\\app-pem-web\\crud-laravel9\\vendor\\laravel\\framework\\src\\Illuminate\\Foundation\\Application.php(856): Illuminate\\Container\\Container->resolve()
#7 D:\\Sistem Komputer 2021\\Semester 7\\Aplikasi Pemograman Web\\app-pem-web\\crud-laravel9\\vendor\\laravel\\framework\\src\\Illuminate\\Container\\Container.php(706): Illuminate\\Foundation\\Application->resolve()
#8 D:\\Sistem Komputer 2021\\Semester 7\\Aplikasi Pemograman Web\\app-pem-web\\crud-laravel9\\vendor\\laravel\\framework\\src\\Illuminate\\Foundation\\Application.php(841): Illuminate\\Container\\Container->make()
#9 D:\\Sistem Komputer 2021\\Semester 7\\Aplikasi Pemograman Web\\app-pem-web\\crud-laravel9\\vendor\\laravel\\framework\\src\\Illuminate\\Container\\Container.php(1043): Illuminate\\Foundation\\Application->make()
#10 D:\\Sistem Komputer 2021\\Semester 7\\Aplikasi Pemograman Web\\app-pem-web\\crud-laravel9\\vendor\\laravel\\framework\\src\\Illuminate\\Container\\Container.php(959): Illuminate\\Container\\Container->resolveClass()
#11 D:\\Sistem Komputer 2021\\Semester 7\\Aplikasi Pemograman Web\\app-pem-web\\crud-laravel9\\vendor\\laravel\\framework\\src\\Illuminate\\Container\\Container.php(920): Illuminate\\Container\\Container->resolveDependencies()
#12 D:\\Sistem Komputer 2021\\Semester 7\\Aplikasi Pemograman Web\\app-pem-web\\crud-laravel9\\vendor\\laravel\\framework\\src\\Illuminate\\Container\\Container.php(770): Illuminate\\Container\\Container->build()
#13 D:\\Sistem Komputer 2021\\Semester 7\\Aplikasi Pemograman Web\\app-pem-web\\crud-laravel9\\vendor\\laravel\\framework\\src\\Illuminate\\Foundation\\Application.php(856): Illuminate\\Container\\Container->resolve()
#14 D:\\Sistem Komputer 2021\\Semester 7\\Aplikasi Pemograman Web\\app-pem-web\\crud-laravel9\\vendor\\laravel\\framework\\src\\Illuminate\\Container\\Container.php(706): Illuminate\\Foundation\\Application->resolve()
#15 D:\\Sistem Komputer 2021\\Semester 7\\Aplikasi Pemograman Web\\app-pem-web\\crud-laravel9\\vendor\\laravel\\framework\\src\\Illuminate\\Foundation\\Application.php(841): Illuminate\\Container\\Container->make()
#16 D:\\Sistem Komputer 2021\\Semester 7\\Aplikasi Pemograman Web\\app-pem-web\\crud-laravel9\\vendor\\laravel\\framework\\src\\Illuminate\\Foundation\\Http\\Kernel.php(239): Illuminate\\Foundation\\Application->make()
#17 D:\\Sistem Komputer 2021\\Semester 7\\Aplikasi Pemograman Web\\app-pem-web\\crud-laravel9\\vendor\\laravel\\framework\\src\\Illuminate\\Foundation\\Http\\Kernel.php(203): Illuminate\\Foundation\\Http\\Kernel->terminateMiddleware()
#18 D:\\Sistem Komputer 2021\\Semester 7\\Aplikasi Pemograman Web\\app-pem-web\\crud-laravel9\\public\\index.php(55): Illuminate\\Foundation\\Http\\Kernel->terminate()
#19 D:\\Sistem Komputer 2021\\Semester 7\\Aplikasi Pemograman Web\\app-pem-web\\crud-laravel9\\vendor\\laravel\\framework\\src\\Illuminate\\Foundation\\resources\\server.php(16): require_once('...')
#20 {main}
"} 
[2024-10-26 06:39:57] local.ERROR: No application encryption key has been specified. {"exception":"[object] (Illuminate\\Encryption\\MissingAppKeyException(code: 0): No application encryption key has been specified. at D:\\Sistem Komputer 2021\\Semester 7\\Aplikasi Pemograman Web\\app-pem-web\\crud-laravel9\\vendor\\laravel\\framework\\src\\Illuminate\\Encryption\\EncryptionServiceProvider.php:79)
[stacktrace]
#0 D:\\Sistem Komputer 2021\\Semester 7\\Aplikasi Pemograman Web\\app-pem-web\\crud-laravel9\\vendor\\laravel\\framework\\src\\Illuminate\\Support\\helpers.php(306): Illuminate\\Encryption\\EncryptionServiceProvider->Illuminate\\Encryption\\{closure}()
#1 D:\\Sistem Komputer 2021\\Semester 7\\Aplikasi Pemograman Web\\app-pem-web\\crud-laravel9\\vendor\\laravel\\framework\\src\\Illuminate\\Encryption\\EncryptionServiceProvider.php(81): tap()
#2 D:\\Sistem Komputer 2021\\Semester 7\\Aplikasi Pemograman Web\\app-pem-web\\crud-laravel9\\vendor\\laravel\\framework\\src\\Illuminate\\Encryption\\EncryptionServiceProvider.php(60): Illuminate\\Encryption\\EncryptionServiceProvider->key()
#3 D:\\Sistem Komputer 2021\\Semester 7\\Aplikasi Pemograman Web\\app-pem-web\\crud-laravel9\\vendor\\laravel\\framework\\src\\Illuminate\\Encryption\\EncryptionServiceProvider.php(32): Illuminate\\Encryption\\EncryptionServiceProvider->parseKey()
#4 D:\\Sistem Komputer 2021\\Semester 7\\Aplikasi Pemograman Web\\app-pem-web\\crud-laravel9\\vendor\\laravel\\framework\\src\\Illuminate\\Container\\Container.php(885): Illuminate\\Encryption\\EncryptionServiceProvider->Illuminate\\Encryption\\{closure}()
#5 D:\\Sistem Komputer 2021\\Semester 7\\Aplikasi Pemograman Web\\app-pem-web\\crud-laravel9\\vendor\\laravel\\framework\\src\\Illuminate\\Container\\Container.php(770): Illuminate\\Container\\Container->build()
#6 D:\\Sistem Komputer 2021\\Semester 7\\Aplikasi Pemograman Web\\app-pem-web\\crud-laravel9\\vendor\\laravel\\framework\\src\\Illuminate\\Foundation\\Application.php(856): Illuminate\\Container\\Container->resolve()
#7 D:\\Sistem Komputer 2021\\Semester 7\\Aplikasi Pemograman Web\\app-pem-web\\crud-laravel9\\vendor\\laravel\\framework\\src\\Illuminate\\Container\\Container.php(706): Illuminate\\Foundation\\Application->resolve()
#8 D:\\Sistem Komputer 2021\\Semester 7\\Aplikasi Pemograman Web\\app-pem-web\\crud-laravel9\\vendor\\laravel\\framework\\src\\Illuminate\\Foundation\\Application.php(841): Illuminate\\Container\\Container->make()
#9 D:\\Sistem Komputer 2021\\Semester 7\\Aplikasi Pemograman Web\\app-pem-web\\crud-laravel9\\vendor\\laravel\\framework\\src\\Illuminate\\Container\\Container.php(1043): Illuminate\\Foundation\\Application->make()
#10 D:\\Sistem Komputer 2021\\Semester 7\\Aplikasi Pemograman Web\\app-pem-web\\crud-laravel9\\vendor\\laravel\\framework\\src\\Illuminate\\Container\\Container.php(959): Illuminate\\Container\\Container->resolveClass()
#11 D:\\Sistem Komputer 2021\\Semester 7\\Aplikasi Pemograman Web\\app-pem-web\\crud-laravel9\\vendor\\laravel\\framework\\src\\Illuminate\\Container\\Container.php(920): Illuminate\\Container\\Container->resolveDependencies()
#12 D:\\Sistem Komputer 2021\\Semester 7\\Aplikasi Pemograman Web\\app-pem-web\\crud-laravel9\\vendor\\laravel\\framework\\src\\Illuminate\\Container\\Container.php(770): Illuminate\\Container\\Container->build()
#13 D:\\Sistem Komputer 2021\\Semester 7\\Aplikasi Pemograman Web\\app-pem-web\\crud-laravel9\\vendor\\laravel\\framework\\src\\Illuminate\\Foundation\\Application.php(856): Illuminate\\Container\\Container->resolve()
#14 D:\\Sistem Komputer 2021\\Semester 7\\Aplikasi Pemograman Web\\app-pem-web\\crud-laravel9\\vendor\\laravel\\framework\\src\\Illuminate\\Container\\Container.php(706): Illuminate\\Foundation\\Application->resolve()
#15 D:\\Sistem Komputer 2021\\Semester 7\\Aplikasi Pemograman Web\\app-pem-web\\crud-laravel9\\vendor\\laravel\\framework\\src\\Illuminate\\Foundation\\Application.php(841): Illuminate\\Container\\Container->make()
#16 D:\\Sistem Komputer 2021\\Semester 7\\Aplikasi Pemograman Web\\app-pem-web\\crud-laravel9\\vendor\\laravel\\framework\\src\\Illuminate\\Pipeline\\Pipeline.php(169): Illuminate\\Foundation\\Application->make()
#17 D:\\Sistem Komputer 2021\\Semester 7\\Aplikasi Pemograman Web\\app-pem-web\\crud-laravel9\\vendor\\laravel\\framework\\src\\Illuminate\\Pipeline\\Pipeline.php(116): Illuminate\\Pipeline\\Pipeline->Illuminate\\Pipeline\\{closure}()
#18 D:\\Sistem Komputer 2021\\Semester 7\\Aplikasi Pemograman Web\\app-pem-web\\crud-laravel9\\vendor\\laravel\\framework\\src\\Illuminate\\Routing\\Router.php(799): Illuminate\\Pipeline\\Pipeline->then()
#19 D:\\Sistem Komputer 2021\\Semester 7\\Aplikasi Pemograman Web\\app-pem-web\\crud-laravel9\\vendor\\laravel\\framework\\src\\Illuminate\\Routing\\Router.php(776): Illuminate\\Routing\\Router->runRouteWithinStack()
#20 D:\\Sistem Komputer 2021\\Semester 7\\Aplikasi Pemograman Web\\app-pem-web\\crud-laravel9\\vendor\\laravel\\framework\\src\\Illuminate\\Routing\\Router.php(740): Illuminate\\Routing\\Router->runRoute()
#21 D:\\Sistem Komputer 2021\\Semester 7\\Aplikasi Pemograman Web\\app-pem-web\\crud-laravel9\\vendor\\laravel\\framework\\src\\Illuminate\\Routing\\Router.php(729): Illuminate\\Routing\\Router->dispatchToRoute()
#22 D:\\Sistem Komputer 2021\\Semester 7\\Aplikasi Pemograman Web\\app-pem-web\\crud-laravel9\\vendor\\laravel\\framework\\src\\Illuminate\\Foundation\\Http\\Kernel.php(190): Illuminate\\Routing\\Router->dispatch()
#23 D:\\Sistem Komputer 2021\\Semester 7\\Aplikasi Pemograman Web\\app-pem-web\\crud-laravel9\\vendor\\laravel\\framework\\src\\Illuminate\\Pipeline\\Pipeline.php(141): Illuminate\\Foundation\\Http\\Kernel->Illuminate\\Foundation\\Http\\{closure}()
#24 D:\\Sistem Komputer 2021\\Semester 7\\Aplikasi Pemograman Web\\app-pem-web\\crud-laravel9\\vendor\\laravel\\framework\\src\\Illuminate\\Foundation\\Http\\Middleware\\TransformsRequest.php(21): Illuminate\\Pipeline\\Pipeline->Illuminate\\Pipeline\\{closure}()
#25 D:\\Sistem Komputer 2021\\Semester 7\\Aplikasi Pemograman Web\\app-pem-web\\crud-laravel9\\vendor\\laravel\\framework\\src\\Illuminate\\Foundation\\Http\\Middleware\\ConvertEmptyStringsToNull.php(31): Illuminate\\Foundation\\Http\\Middleware\\TransformsRequest->handle()
#26 D:\\Sistem Komputer 2021\\Semester 7\\Aplikasi Pemograman Web\\app-pem-web\\crud-laravel9\\vendor\\laravel\\framework\\src\\Illuminate\\Pipeline\\Pipeline.php(180): Illuminate\\Foundation\\Http\\Middleware\\ConvertEmptyStringsToNull->handle()
#27 D:\\Sistem Komputer 2021\\Semester 7\\Aplikasi Pemograman Web\\app-pem-web\\crud-laravel9\\vendor\\laravel\\framework\\src\\Illuminate\\Foundation\\Http\\Middleware\\TransformsRequest.php(21): Illuminate\\Pipeline\\Pipeline->Illuminate\\Pipeline\\{closure}()
#28 D:\\Sistem Komputer 2021\\Semester 7\\Aplikasi Pemograman Web\\app-pem-web\\crud-laravel9\\vendor\\laravel\\framework\\src\\Illuminate\\Foundation\\Http\\Middleware\\TrimStrings.php(40): Illuminate\\Foundation\\Http\\Middleware\\TransformsRequest->handle()
#29 D:\\Sistem Komputer 2021\\Semester 7\\Aplikasi Pemograman Web\\app-pem-web\\crud-laravel9\\vendor\\laravel\\framework\\src\\Illuminate\\Pipeline\\Pipeline.php(180): Illuminate\\Foundation\\Http\\Middleware\\TrimStrings->handle()
#30 D:\\Sistem Komputer 2021\\Semester 7\\Aplikasi Pemograman Web\\app-pem-web\\crud-laravel9\\vendor\\laravel\\framework\\src\\Illuminate\\Foundation\\Http\\Middleware\\ValidatePostSize.php(27): Illuminate\\Pipeline\\Pipeline->Illuminate\\Pipeline\\{closure}()
#31 D:\\Sistem Komputer 2021\\Semester 7\\Aplikasi Pemograman Web\\app-pem-web\\crud-laravel9\\vendor\\laravel\\framework\\src\\Illuminate\\Pipeline\\Pipeline.php(180): Illuminate\\Foundation\\Http\\Middleware\\ValidatePostSize->handle()
#32 D:\\Sistem Komputer 2021\\Semester 7\\Aplikasi Pemograman Web\\app-pem-web\\crud-laravel9\\vendor\\laravel\\framework\\src\\Illuminate\\Foundation\\Http\\Middleware\\PreventRequestsDuringMaintenance.php(86): Illuminate\\Pipeline\\Pipeline->Illuminate\\Pipeline\\{closure}()
#33 D:\\Sistem Komputer 2021\\Semester 7\\Aplikasi Pemograman Web\\app-pem-web\\crud-laravel9\\vendor\\laravel\\framework\\src\\Illuminate\\Pipeline\\Pipeline.php(180): Illuminate\\Foundation\\Http\\Middleware\\PreventRequestsDuringMaintenance->handle()
#34 D:\\Sistem Komputer 2021\\Semester 7\\Aplikasi Pemograman Web\\app-pem-web\\crud-laravel9\\vendor\\laravel\\framework\\src\\Illuminate\\Http\\Middleware\\HandleCors.php(49): Illuminate\\Pipeline\\Pipeline->Illuminate\\Pipeline\\{closure}()
#35 D:\\Sistem Komputer 2021\\Semester 7\\Aplikasi Pemograman Web\\app-pem-web\\crud-laravel9\\vendor\\laravel\\framework\\src\\Illuminate\\Pipeline\\Pipeline.php(180): Illuminate\\Http\\Middleware\\HandleCors->handle()
#36 D:\\Sistem Komputer 2021\\Semester 7\\Aplikasi Pemograman Web\\app-pem-web\\crud-laravel9\\vendor\\laravel\\framework\\src\\Illuminate\\Http\\Middleware\\TrustProxies.php(39): Illuminate\\Pipeline\\Pipeline->Illuminate\\Pipeline\\{closure}()
#37 D:\\Sistem Komputer 2021\\Semester 7\\Aplikasi Pemograman Web\\app-pem-web\\crud-laravel9\\vendor\\laravel\\framework\\src\\Illuminate\\Pipeline\\Pipeline.php(180): Illuminate\\Http\\Middleware\\TrustProxies->handle()
#38 D:\\Sistem Komputer 2021\\Semester 7\\Aplikasi Pemograman Web\\app-pem-web\\crud-laravel9\\vendor\\laravel\\framework\\src\\Illuminate\\Pipeline\\Pipeline.php(116): Illuminate\\Pipeline\\Pipeline->Illuminate\\Pipeline\\{closure}()
#39 D:\\Sistem Komputer 2021\\Semester 7\\Aplikasi Pemograman Web\\app-pem-web\\crud-laravel9\\vendor\\laravel\\framework\\src\\Illuminate\\Foundation\\Http\\Kernel.php(165): Illuminate\\Pipeline\\Pipeline->then()
#40 D:\\Sistem Komputer 2021\\Semester 7\\Aplikasi Pemograman Web\\app-pem-web\\crud-laravel9\\vendor\\laravel\\framework\\src\\Illuminate\\Foundation\\Http\\Kernel.php(134): Illuminate\\Foundation\\Http\\Kernel->sendRequestThroughRouter()
#41 D:\\Sistem Komputer 2021\\Semester 7\\Aplikasi Pemograman Web\\app-pem-web\\crud-laravel9\\public\\index.php(52): Illuminate\\Foundation\\Http\\Kernel->handle()
#42 D:\\Sistem Komputer 2021\\Semester 7\\Aplikasi Pemograman Web\\app-pem-web\\crud-laravel9\\vendor\\laravel\\framework\\src\\Illuminate\\Foundation\\resources\\server.php(16): require_once('...')
#43 {main}
"} 
[2024-10-26 06:39:57] local.ERROR: No application encryption key has been specified. {"exception":"[object] (Illuminate\\Encryption\\MissingAppKeyException(code: 0): No application encryption key has been specified. at D:\\Sistem Komputer 2021\\Semester 7\\Aplikasi Pemograman Web\\app-pem-web\\crud-laravel9\\vendor\\laravel\\framework\\src\\Illuminate\\Encryption\\EncryptionServiceProvider.php:79)
[stacktrace]
#0 D:\\Sistem Komputer 2021\\Semester 7\\Aplikasi Pemograman Web\\app-pem-web\\crud-laravel9\\vendor\\laravel\\framework\\src\\Illuminate\\Support\\helpers.php(306): Illuminate\\Encryption\\EncryptionServiceProvider->Illuminate\\Encryption\\{closure}()
#1 D:\\Sistem Komputer 2021\\Semester 7\\Aplikasi Pemograman Web\\app-pem-web\\crud-laravel9\\vendor\\laravel\\framework\\src\\Illuminate\\Encryption\\EncryptionServiceProvider.php(81): tap()
#2 D:\\Sistem Komputer 2021\\Semester 7\\Aplikasi Pemograman Web\\app-pem-web\\crud-laravel9\\vendor\\laravel\\framework\\src\\Illuminate\\Encryption\\EncryptionServiceProvider.php(60): Illuminate\\Encryption\\EncryptionServiceProvider->key()
#3 D:\\Sistem Komputer 2021\\Semester 7\\Aplikasi Pemograman Web\\app-pem-web\\crud-laravel9\\vendor\\laravel\\framework\\src\\Illuminate\\Encryption\\EncryptionServiceProvider.php(32): Illuminate\\Encryption\\EncryptionServiceProvider->parseKey()
#4 D:\\Sistem Komputer 2021\\Semester 7\\Aplikasi Pemograman Web\\app-pem-web\\crud-laravel9\\vendor\\laravel\\framework\\src\\Illuminate\\Container\\Container.php(885): Illuminate\\Encryption\\EncryptionServiceProvider->Illuminate\\Encryption\\{closure}()
#5 D:\\Sistem Komputer 2021\\Semester 7\\Aplikasi Pemograman Web\\app-pem-web\\crud-laravel9\\vendor\\laravel\\framework\\src\\Illuminate\\Container\\Container.php(770): Illuminate\\Container\\Container->build()
#6 D:\\Sistem Komputer 2021\\Semester 7\\Aplikasi Pemograman Web\\app-pem-web\\crud-laravel9\\vendor\\laravel\\framework\\src\\Illuminate\\Foundation\\Application.php(856): Illuminate\\Container\\Container->resolve()
#7 D:\\Sistem Komputer 2021\\Semester 7\\Aplikasi Pemograman Web\\app-pem-web\\crud-laravel9\\vendor\\laravel\\framework\\src\\Illuminate\\Container\\Container.php(706): Illuminate\\Foundation\\Application->resolve()
#8 D:\\Sistem Komputer 2021\\Semester 7\\Aplikasi Pemograman Web\\app-pem-web\\crud-laravel9\\vendor\\laravel\\framework\\src\\Illuminate\\Foundation\\Application.php(841): Illuminate\\Container\\Container->make()
#9 D:\\Sistem Komputer 2021\\Semester 7\\Aplikasi Pemograman Web\\app-pem-web\\crud-laravel9\\vendor\\laravel\\framework\\src\\Illuminate\\Container\\Container.php(1043): Illuminate\\Foundation\\Application->make()
#10 D:\\Sistem Komputer 2021\\Semester 7\\Aplikasi Pemograman Web\\app-pem-web\\crud-laravel9\\vendor\\laravel\\framework\\src\\Illuminate\\Container\\Container.php(959): Illuminate\\Container\\Container->resolveClass()
#11 D:\\Sistem Komputer 2021\\Semester 7\\Aplikasi Pemograman Web\\app-pem-web\\crud-laravel9\\vendor\\laravel\\framework\\src\\Illuminate\\Container\\Container.php(920): Illuminate\\Container\\Container->resolveDependencies()
#12 D:\\Sistem Komputer 2021\\Semester 7\\Aplikasi Pemograman Web\\app-pem-web\\crud-laravel9\\vendor\\laravel\\framework\\src\\Illuminate\\Container\\Container.php(770): Illuminate\\Container\\Container->build()
#13 D:\\Sistem Komputer 2021\\Semester 7\\Aplikasi Pemograman Web\\app-pem-web\\crud-laravel9\\vendor\\laravel\\framework\\src\\Illuminate\\Foundation\\Application.php(856): Illuminate\\Container\\Container->resolve()
#14 D:\\Sistem Komputer 2021\\Semester 7\\Aplikasi Pemograman Web\\app-pem-web\\crud-laravel9\\vendor\\laravel\\framework\\src\\Illuminate\\Container\\Container.php(706): Illuminate\\Foundation\\Application->resolve()
#15 D:\\Sistem Komputer 2021\\Semester 7\\Aplikasi Pemograman Web\\app-pem-web\\crud-laravel9\\vendor\\laravel\\framework\\src\\Illuminate\\Foundation\\Application.php(841): Illuminate\\Container\\Container->make()
#16 D:\\Sistem Komputer 2021\\Semester 7\\Aplikasi Pemograman Web\\app-pem-web\\crud-laravel9\\vendor\\laravel\\framework\\src\\Illuminate\\Foundation\\Http\\Kernel.php(239): Illuminate\\Foundation\\Application->make()
#17 D:\\Sistem Komputer 2021\\Semester 7\\Aplikasi Pemograman Web\\app-pem-web\\crud-laravel9\\vendor\\laravel\\framework\\src\\Illuminate\\Foundation\\Http\\Kernel.php(203): Illuminate\\Foundation\\Http\\Kernel->terminateMiddleware()
#18 D:\\Sistem Komputer 2021\\Semester 7\\Aplikasi Pemograman Web\\app-pem-web\\crud-laravel9\\public\\index.php(55): Illuminate\\Foundation\\Http\\Kernel->terminate()
#19 D:\\Sistem Komputer 2021\\Semester 7\\Aplikasi Pemograman Web\\app-pem-web\\crud-laravel9\\vendor\\laravel\\framework\\src\\Illuminate\\Foundation\\resources\\server.php(16): require_once('...')
#20 {main}
"} 
